WARNING - 2024-11-25 12:07:14 --> [DEPRECATED] Optional parameter $paginate declared before required parameter $search is implicitly treated as a required parameter in APPPATH\Models\MercadoModel.php on line 45.
 1 SYSTEMPATH\Autoloader\Autoloader.php(317): include_once('C:\\Users\\ealan\\Escritorio\\PROYECTOS\\6. CAFAMI\\cafami\\system\\Debug\\Exceptions.php')
 2 SYSTEMPATH\Autoloader\Autoloader.php(296): CodeIgniter\Autoloader\Autoloader->includeFile('C:\\Users\\ealan\\Escritorio\\PROYECTOS\\6. CAFAMI\\cafami\\app\\Models\\MercadoModel.php')
 3 SYSTEMPATH\Autoloader\Autoloader.php(272): CodeIgniter\Autoloader\Autoloader->loadInNamespace('App\\Models\\MercadoModel')
 4 APPPATH\Controllers\ProductoController.php(72): CodeIgniter\Autoloader\Autoloader->loadClass('App\\Models\\MercadoModel')
 5 SYSTEMPATH\CodeIgniter.php(933): App\Controllers\ProductoController->searchByCategoria()
 6 SYSTEMPATH\CodeIgniter.php(509): CodeIgniter\CodeIgniter->runController(Object(App\Controllers\ProductoController))
 7 SYSTEMPATH\CodeIgniter.php(355): CodeIgniter\CodeIgniter->handleRequest(null, Object(Config\Cache), false)
 8 SYSTEMPATH\Boot.php(325): CodeIgniter\CodeIgniter->run()
 9 SYSTEMPATH\Boot.php(67): CodeIgniter\Boot::runCodeIgniter(Object(CodeIgniter\CodeIgniter))
10 FCPATH\index.php(56): CodeIgniter\Boot::bootWeb(Object(Config\Paths))
11 SYSTEMPATH\rewrite.php(44): require_once('C:\\Users\\ealan\\Escritorio\\PROYECTOS\\6. CAFAMI\\cafami\\public\\index.php')
WARNING - 2024-11-25 12:07:14 --> [DEPRECATED] Optional parameter $paginate declared before required parameter $search is implicitly treated as a required parameter in APPPATH\Models\MercadoModel.php on line 74.
 1 SYSTEMPATH\Autoloader\Autoloader.php(317): include_once('C:\\Users\\ealan\\Escritorio\\PROYECTOS\\6. CAFAMI\\cafami\\system\\Debug\\Exceptions.php')
 2 SYSTEMPATH\Autoloader\Autoloader.php(296): CodeIgniter\Autoloader\Autoloader->includeFile('C:\\Users\\ealan\\Escritorio\\PROYECTOS\\6. CAFAMI\\cafami\\app\\Models\\MercadoModel.php')
 3 SYSTEMPATH\Autoloader\Autoloader.php(272): CodeIgniter\Autoloader\Autoloader->loadInNamespace('App\\Models\\MercadoModel')
 4 APPPATH\Controllers\ProductoController.php(72): CodeIgniter\Autoloader\Autoloader->loadClass('App\\Models\\MercadoModel')
 5 SYSTEMPATH\CodeIgniter.php(933): App\Controllers\ProductoController->searchByCategoria()
 6 SYSTEMPATH\CodeIgniter.php(509): CodeIgniter\CodeIgniter->runController(Object(App\Controllers\ProductoController))
 7 SYSTEMPATH\CodeIgniter.php(355): CodeIgniter\CodeIgniter->handleRequest(null, Object(Config\Cache), false)
 8 SYSTEMPATH\Boot.php(325): CodeIgniter\CodeIgniter->run()
 9 SYSTEMPATH\Boot.php(67): CodeIgniter\Boot::runCodeIgniter(Object(CodeIgniter\CodeIgniter))
10 FCPATH\index.php(56): CodeIgniter\Boot::bootWeb(Object(Config\Paths))
11 SYSTEMPATH\rewrite.php(44): require_once('C:\\Users\\ealan\\Escritorio\\PROYECTOS\\6. CAFAMI\\cafami\\public\\index.php')
WARNING - 2024-11-25 12:07:14 --> [DEPRECATED] Optional parameter $paginate declared before required parameter $search is implicitly treated as a required parameter in APPPATH\Models\ProductoModel.php on line 35.
 1 SYSTEMPATH\Autoloader\Autoloader.php(317): include_once('C:\\Users\\ealan\\Escritorio\\PROYECTOS\\6. CAFAMI\\cafami\\system\\Debug\\Exceptions.php')
 2 SYSTEMPATH\Autoloader\Autoloader.php(296): CodeIgniter\Autoloader\Autoloader->includeFile('C:\\Users\\ealan\\Escritorio\\PROYECTOS\\6. CAFAMI\\cafami\\app\\Models\\ProductoModel.php')
 3 SYSTEMPATH\Autoloader\Autoloader.php(272): CodeIgniter\Autoloader\Autoloader->loadInNamespace('App\\Models\\ProductoModel')
 4 APPPATH\Controllers\ProductoController.php(74): CodeIgniter\Autoloader\Autoloader->loadClass('App\\Models\\ProductoModel')
 5 SYSTEMPATH\CodeIgniter.php(933): App\Controllers\ProductoController->searchByCategoria()
 6 SYSTEMPATH\CodeIgniter.php(509): CodeIgniter\CodeIgniter->runController(Object(App\Controllers\ProductoController))
 7 SYSTEMPATH\CodeIgniter.php(355): CodeIgniter\CodeIgniter->handleRequest(null, Object(Config\Cache), false)
 8 SYSTEMPATH\Boot.php(325): CodeIgniter\CodeIgniter->run()
 9 SYSTEMPATH\Boot.php(67): CodeIgniter\Boot::runCodeIgniter(Object(CodeIgniter\CodeIgniter))
10 FCPATH\index.php(56): CodeIgniter\Boot::bootWeb(Object(Config\Paths))
11 SYSTEMPATH\rewrite.php(44): require_once('C:\\Users\\ealan\\Escritorio\\PROYECTOS\\6. CAFAMI\\cafami\\public\\index.php')
WARNING - 2024-11-25 12:07:14 --> [DEPRECATED] Optional parameter $paginate declared before required parameter $search is implicitly treated as a required parameter in APPPATH\Models\ProductoModel.php on line 65.
 1 SYSTEMPATH\Autoloader\Autoloader.php(317): include_once('C:\\Users\\ealan\\Escritorio\\PROYECTOS\\6. CAFAMI\\cafami\\system\\Debug\\Exceptions.php')
 2 SYSTEMPATH\Autoloader\Autoloader.php(296): CodeIgniter\Autoloader\Autoloader->includeFile('C:\\Users\\ealan\\Escritorio\\PROYECTOS\\6. CAFAMI\\cafami\\app\\Models\\ProductoModel.php')
 3 SYSTEMPATH\Autoloader\Autoloader.php(272): CodeIgniter\Autoloader\Autoloader->loadInNamespace('App\\Models\\ProductoModel')
 4 APPPATH\Controllers\ProductoController.php(74): CodeIgniter\Autoloader\Autoloader->loadClass('App\\Models\\ProductoModel')
 5 SYSTEMPATH\CodeIgniter.php(933): App\Controllers\ProductoController->searchByCategoria()
 6 SYSTEMPATH\CodeIgniter.php(509): CodeIgniter\CodeIgniter->runController(Object(App\Controllers\ProductoController))
 7 SYSTEMPATH\CodeIgniter.php(355): CodeIgniter\CodeIgniter->handleRequest(null, Object(Config\Cache), false)
 8 SYSTEMPATH\Boot.php(325): CodeIgniter\CodeIgniter->run()
 9 SYSTEMPATH\Boot.php(67): CodeIgniter\Boot::runCodeIgniter(Object(CodeIgniter\CodeIgniter))
10 FCPATH\index.php(56): CodeIgniter\Boot::bootWeb(Object(Config\Paths))
11 SYSTEMPATH\rewrite.php(44): require_once('C:\\Users\\ealan\\Escritorio\\PROYECTOS\\6. CAFAMI\\cafami\\public\\index.php')
CRITICAL - 2024-11-25 12:07:14 --> ErrorException: Undefined array key "precio"
[Method: GET, Route: categoria-producto]
in APPPATH\Views\producto.php on line 99.
 1 APPPATH\Views\producto.php(99): CodeIgniter\Debug\Exceptions->errorHandler(2, 'Undefined array key "precio"', 'C:\\Users\\ealan\\Escritorio\\PROYECTOS\\6. CAFAMI\\cafami\\app\\Views\\producto.php', 99)
 2 SYSTEMPATH\View\View.php(234): include('C:\\Users\\ealan\\Escritorio\\PROYECTOS\\6. CAFAMI\\cafami\\app\\Views\\producto.php')
 3 SYSTEMPATH\View\View.php(237): CodeIgniter\View\View->CodeIgniter\View\{closure}()
 4 SYSTEMPATH\Common.php(1171): CodeIgniter\View\View->render('producto', [], true)
 5 APPPATH\Controllers\ProductoController.php(89): view('producto', [...])
 6 SYSTEMPATH\CodeIgniter.php(933): App\Controllers\ProductoController->searchByCategoria()
 7 SYSTEMPATH\CodeIgniter.php(509): CodeIgniter\CodeIgniter->runController(Object(App\Controllers\ProductoController))
 8 SYSTEMPATH\CodeIgniter.php(355): CodeIgniter\CodeIgniter->handleRequest(null, Object(Config\Cache), false)
 9 SYSTEMPATH\Boot.php(325): CodeIgniter\CodeIgniter->run()
10 SYSTEMPATH\Boot.php(67): CodeIgniter\Boot::runCodeIgniter(Object(CodeIgniter\CodeIgniter))
11 FCPATH\index.php(56): CodeIgniter\Boot::bootWeb(Object(Config\Paths))
12 SYSTEMPATH\rewrite.php(44): require_once('C:\\Users\\ealan\\Escritorio\\PROYECTOS\\6. CAFAMI\\cafami\\public\\index.php')
